<?xml version="1.0" encoding="UTF-8"?>
<!-- Generated by org.testng.reporters.JUnitReportReporter -->
<testsuite hostname="yp-tc-2646deMacBook-Air.local" name="testcase.TestQuery" tests="1" failures="0" timestamp="22 Aug 2017 10:50:03 GMT" time="0.767" errors="0">
  <testcase name="test1" time="0.767" classname="testcase.TestQuery"/>
</testsuite> <!-- testcase.TestQuery -->
